#
# There is insufficient memory for the Java Runtime Environment to continue.
# Native memory allocation (malloc) failed to allocate 192256 bytes for Chunk::new
# Possible reasons:
#   The system is out of physical RAM or swap space
#   The process is running with CompressedOops enabled, and the Java Heap may be blocking the growth of the native heap
# Possible solutions:
#   Reduce memory load on the system
#   Increase physical memory or swap space
#   Check if swap backing store is full
#   Decrease Java heap size (-Xmx/-Xms)
#   Decrease number of Java threads
#   Decrease Java thread stack sizes (-Xss)
#   Set larger code cache with -XX:ReservedCodeCacheSize=
#   JVM is running with Zero Based Compressed Oops mode in which the Java heap is
#     placed in the first 32GB address space. The Java Heap base address is the
#     maximum limit for the native heap growth. Please use -XX:HeapBaseMinAddress
#     to set the Java Heap base and to place the Java Heap above 32GB virtual address.
# This output file may be truncated or incomplete.
#
#  Out of Memory Error (allocation.cpp:389), pid=17896, tid=0x0000000000004574
#
# JRE version: Java(TM) SE Runtime Environment (8.0_241-b07) (build 1.8.0_241-b07)
# Java VM: Java HotSpot(TM) 64-Bit Server VM (25.241-b07 mixed mode windows-amd64 compressed oops)
# Failed to write core dump. Minidumps are not enabled by default on client versions of Windows
#

---------------  T H R E A D  ---------------

Current thread (0x000000001beaf800):  JavaThread "C2 CompilerThread1" daemon [_thread_in_native, id=17780, stack(0x000000001c780000,0x000000001c880000)]

Stack: [0x000000001c780000,0x000000001c880000]
[error occurred during error reporting (printing stack bounds), id 0xc0000005]

Native frames: (J=compiled Java code, j=interpreted, Vv=VM code, C=native code)


Current CompileTask:
C2:    662  500       4       org.jsoup.parser.CharacterReader::consumeToAny (100 bytes)


---------------  P R O C E S S  ---------------

Java Threads: ( => current thread )
  0x000000001c22e000 JavaThread "Thread-2" daemon [_thread_in_native, id=15844, stack(0x0000000026840000,0x0000000026940000)]
  0x000000001c228000 JavaThread "JavaFX Application Thread" [_thread_in_native, id=2756, stack(0x000000001df20000,0x000000001e020000)]
  0x000000001c22b000 JavaThread "Thread-1" daemon [_thread_blocked, id=23976, stack(0x000000001de20000,0x000000001df20000)]
  0x000000001c22c800 JavaThread "QuantumRenderer-0" daemon [_thread_blocked, id=14596, stack(0x000000001d5e0000,0x000000001d6e0000)]
  0x000000001bf4a800 JavaThread "Service Thread" daemon [_thread_blocked, id=15784, stack(0x000000001ca80000,0x000000001cb80000)]
  0x000000001bebd000 JavaThread "C1 CompilerThread3" daemon [_thread_in_native, id=20604, stack(0x000000001c980000,0x000000001ca80000)]
  0x000000001beb5000 JavaThread "C2 CompilerThread2" daemon [_thread_in_native, id=6372, stack(0x000000001c880000,0x000000001c980000)]
=>0x000000001beaf800 JavaThread "C2 CompilerThread1" daemon [_thread_in_native, id=17780, stack(0x000000001c780000,0x000000001c880000)]
  0x000000001beac000 JavaThread "C2 CompilerThread0" daemon [_thread_blocked, id=22436, stack(0x000000001c680000,0x000000001c780000)]
  0x000000001bea9800 JavaThread "Attach Listener" daemon [_thread_blocked, id=17168, stack(0x000000001c580000,0x000000001c680000)]
  0x000000001bea9000 JavaThread "Signal Dispatcher" daemon [_thread_blocked, id=15856, stack(0x000000001c480000,0x000000001c580000)]
  0x000000001bea0800 JavaThread "Finalizer" daemon [_thread_blocked, id=11836, stack(0x000000001c280000,0x000000001c380000)]
  0x0000000002a6a000 JavaThread "Reference Handler" daemon [_thread_blocked, id=7100, stack(0x000000001bd80000,0x000000001be80000)]
  0x000000000296e000 JavaThread "main" [_thread_in_vm, id=2208, stack(0x00000000027e0000,0x00000000028e0000)]

Other Threads:
  0x0000000019fa9800 VMThread [stack: 0x000000001bc80000,0x000000001bd80000] [id=5036]
  0x000000001bf6d800 WatcherThread [stack: 0x000000001cb80000,0x000000001cc80000] [id=10880]

VM state:not at safepoint (normal execution)

VM Mutex/Monitor currently owned by a thread:  ([mutex/lock_event])
[0x000000000296cc80] AdapterHandlerLibrary_lock - owner thread: 0x000000000296e000

heap address: 0x0000000700e00000, size: 3058 MB, Compressed Oops mode: Zero based, Oop shift amount: 3
Narrow klass base: 0x0000000000000000, Narrow klass shift: 3
Compressed class space size: 1073741824 Address: 0x00000007c0000000

Heap:
 PSYoungGen      total 57344K, used 14253K [0x0000000780500000, 0x0000000784500000, 0x00000007c0000000)
  eden space 49152K, 28% used [0x0000000780500000,0x00000007812eb520,0x0000000783500000)
  from space 8192K, 0% used [0x0000000783d00000,0x0000000783d00000,0x0000000784500000)
  to   space 8192K, 0% used [0x0000000783500000,0x0000000783500000,0x0000000783d00000)
 ParOldGen       total 131072K, used 0K [0x0000000700e00000, 0x0000000708e00000, 0x0000000780500000)
  object space 131072K, 0% used [0x0000000700e00000,0x0000000700e00000,0x0000000708e00000)
 Metaspace       used 7471K, capacity 7836K, committed 7936K, reserved 1058816K
  class space    used 864K, capacity 998K, committed 1024K, reserved 1048576K

Card table byte_map: [0x0000000011e30000,0x0000000012430000] byte_map_base: 0x000000000e629000

Marking Bits: (ParMarkBitMap*) 0x00000000653dbe30
 Begin Bits: [0x0000000013030000, 0x0000000015ff8000)
 End Bits:   [0x0000000015ff8000, 0x0000000018fc0000)

Polling page: 0x0000000000f00000

CodeCache: size=245760Kb used=2265Kb max_used=2265Kb free=243495Kb
 bounds [0x0000000002a70000, 0x0000000002ce0000, 0x0000000011a70000]
 total_blobs=891 nmethods=510 adapters=294
 compilation: enabled

Compilation events (10 events):
Event: 0.646 Thread 0x000000001bebd000 nmethod 502 0x0000000002ca1b10 code [0x0000000002ca1d00, 0x0000000002ca27e8]
Event: 0.646 Thread 0x000000001bebd000  503  s    3       sun.misc.URLClassPath::getLookupCache (98 bytes)
Event: 0.647 Thread 0x000000001beac000 nmethod 498 0x0000000002ca4790 code [0x0000000002ca4920, 0x0000000002ca4d50]
Event: 0.647 Thread 0x000000001bebd000 nmethod 503 0x0000000002ca1290 code [0x0000000002ca1420, 0x0000000002ca1998]
Event: 0.647 Thread 0x000000001bebd000  504       3       java.net.URLClassLoader$1::run (5 bytes)
Event: 0.647 Thread 0x000000001bebd000 nmethod 504 0x0000000002c9e290 code [0x0000000002c9e400, 0x0000000002c9e5a8]
Event: 0.647 Thread 0x000000001bebd000  505   !   3       java.net.URLClassLoader$1::run (63 bytes)
Event: 0.647 Thread 0x000000001bebd000 nmethod 505 0x0000000002ca0510 code [0x0000000002ca06e0, 0x0000000002ca0c08]
Event: 0.647 Thread 0x000000001bebd000  506       3       java.security.CodeSource::getCertificates (98 bytes)
Event: 0.648 Thread 0x000000001bebd000 nmethod 506 0x0000000002ca3410 code [0x0000000002ca3640, 0x0000000002ca4378]

GC Heap History (0 events):
No events

Deoptimization events (1 events):
Event: 0.598 Thread 0x000000000296e000 Uncommon trap: reason=unstable_if action=reinterpret pc=0x0000000002c13fb4 method=java.lang.String.replace(CC)Ljava/lang/String; @ 26

Classes redefined (0 events):
No events

Internal exceptions (9 events):
Event: 0.033 Thread 0x000000000296e000 Exception <a 'java/lang/NoSuchMethodError': Method sun.misc.Unsafe.defineClass(Ljava/lang/String;[BII)Ljava/lang/Class; name or signature does not match> (0x0000000780507cc0) thrown at [C:\ade\jenkins\workspace\8-2-build-windows-amd64-cygwin\jdk8u241\331\
Event: 0.033 Thread 0x000000000296e000 Exception <a 'java/lang/NoSuchMethodError': Method sun.misc.Unsafe.prefetchRead(Ljava/lang/Object;J)V name or signature does not match> (0x0000000780507fa8) thrown at [C:\ade\jenkins\workspace\8-2-build-windows-amd64-cygwin\jdk8u241\331\hotspot\src\share\
Event: 0.130 Thread 0x000000000296e000 Exception <a 'java/lang/NoSuchFieldError': method resolution failed> (0x0000000780768480) thrown at [C:\ade\jenkins\workspace\8-2-build-windows-amd64-cygwin\jdk8u241\331\hotspot\src\share\vm\prims\methodHandles.cpp, line 1167]
Event: 0.133 Thread 0x000000000296e000 Exception <a 'java/lang/NoSuchFieldError': method resolution failed> (0x0000000780775800) thrown at [C:\ade\jenkins\workspace\8-2-build-windows-amd64-cygwin\jdk8u241\331\hotspot\src\share\vm\prims\methodHandles.cpp, line 1167]
Event: 0.153 Thread 0x000000000296e000 Exception <a 'java/security/PrivilegedActionException'> (0x00000007807ffe30) thrown at [C:\ade\jenkins\workspace\8-2-build-windows-amd64-cygwin\jdk8u241\331\hotspot\src\share\vm\prims\jvm.cpp, line 1502]
Event: 0.153 Thread 0x000000000296e000 Exception <a 'java/security/PrivilegedActionException'> (0x0000000780800040) thrown at [C:\ade\jenkins\workspace\8-2-build-windows-amd64-cygwin\jdk8u241\331\hotspot\src\share\vm\prims\jvm.cpp, line 1502]
Event: 0.154 Thread 0x000000000296e000 Exception <a 'java/security/PrivilegedActionException'> (0x0000000780803cb0) thrown at [C:\ade\jenkins\workspace\8-2-build-windows-amd64-cygwin\jdk8u241\331\hotspot\src\share\vm\prims\jvm.cpp, line 1502]
Event: 0.154 Thread 0x000000000296e000 Exception <a 'java/security/PrivilegedActionException'> (0x0000000780803ec0) thrown at [C:\ade\jenkins\workspace\8-2-build-windows-amd64-cygwin\jdk8u241\331\hotspot\src\share\vm\prims\jvm.cpp, line 1502]
Event: 0.154 Thread 0x000000000296e000 Exception <a 'java/lang/NullPointerException'> (0x0000000780804498) thrown at [C:\ade\jenkins\workspace\8-2-build-windows-amd64-cygwin\jdk8u241\331\hotspot\src\share\vm\interpreter\linkResolver.cpp, line 1185]

Events (10 events):
Event: 0.648 loading class org/jsoup/parser/TokeniserState$1
Event: 0.648 loading class org/jsoup/parser/TokeniserState$1 done
Event: 0.649 loading class org/jsoup/parser/TokeniserState$2
Event: 0.649 loading class org/jsoup/parser/TokeniserState$2 done
Event: 0.649 loading class org/jsoup/parser/TokeniserState$3
Event: 0.649 loading class org/jsoup/parser/TokeniserState$3 done
Event: 0.649 loading class org/jsoup/parser/TokeniserState$4
Event: 0.649 loading class org/jsoup/parser/TokeniserState$4 done
Event: 0.650 loading class org/jsoup/parser/TokeniserState$5
Event: 0.650 loading class org/jsoup/parser/TokeniserState$5 done


Dynamic libraries:
0x00007ff685010000 - 0x00007ff685047000 	C:\Program Files\Java\jre1.8.0_241\bin\javaw.exe
0x00007ffaa68c0000 - 0x00007ffaa6ab0000 	C:\WINDOWS\SYSTEM32\ntdll.dll
0x00007ffaa5b40000 - 0x00007ffaa5bf2000 	C:\WINDOWS\System32\KERNEL32.DLL
0x00007ffaa46c0000 - 0x00007ffaa4963000 	C:\WINDOWS\System32\KERNELBASE.dll
0x00007ffaa1640000 - 0x00007ffaa16cf000 	C:\WINDOWS\SYSTEM32\apphelp.dll
0x00007ffaa4e50000 - 0x00007ffaa4ef3000 	C:\WINDOWS\System32\ADVAPI32.dll
0x00007ffaa5aa0000 - 0x00007ffaa5b3e000 	C:\WINDOWS\System32\msvcrt.dll
0x00007ffaa5980000 - 0x00007ffaa5a17000 	C:\WINDOWS\System32\sechost.dll
0x00007ffaa5650000 - 0x00007ffaa5770000 	C:\Program Files\Java\jre1.8.0_241\bin\javaw.exe
0x00007ffaa4f00000 - 0x00007ffaa5094000 	C:\WINDOWS\System32\KERNEL32.DLL
0x00007ffaa3850000 - 0x00007ffaa3871000 	C:\WINDOWS\System32\win32u.dll
0x00007ffaa4e20000 - 0x00007ffaa4e46000 	C:\WINDOWS\System32\msvcrt.dll
0x00007ffaa3b50000 - 0x00007ffaa3ce4000 	C:\WINDOWS\System32\RPCRT4.dll
0x00007ffaa3900000 - 0x00007ffaa399e000 	C:\WINDOWS\System32\msvcp_win.dll
0x00007ffaa3a50000 - 0x00007ffaa3b4a000 	C:\WINDOWS\System32\GDI32.dll
0x00007ffa8b840000 - 0x00007ffa8bac5000 	C:\WINDOWS\System32\gdi32full.dll
0x00007ffaa64c0000 - 0x00007ffaa67f6000 	C:\WINDOWS\System32\combase.dll
0x00007ffaa3880000 - 0x00007ffaa3900000 	C:\WINDOWS\System32\bcryptPrimitives.dll
0x00007ffaa5cd0000 - 0x00007ffaa5cfe000 	C:\WINDOWS\System32\combase.dll
0x0000000064ad0000 - 0x0000000064ba2000 	C:\WINDOWS\System32\bcryptPrimitives.dll
0x0000000064bb0000 - 0x000000006545c000 	C:\Program Files\Java\jre1.8.0_241\bin\server\jvm.dll
0x00007ffaa5770000 - 0x00007ffaa5778000 	C:\WINDOWS\System32\PSAPI.DLL
0x00007ffaa22a0000 - 0x00007ffaa22a9000 	C:\WINDOWS\SYSTEM32\WSOCK32.dll
0x00007ffa9da10000 - 0x00007ffa9da1a000 	C:\WINDOWS\SYSTEM32\VERSION.dll
0x00007ffa99330000 - 0x00007ffa99354000 	C:\WINDOWS\SYSTEM32\VERSION.dll
0x00007ffaa55e0000 - 0x00007ffaa564f000 	C:\WINDOWS\SYSTEM32\WINMM.dll
0x00007ffa990f0000 - 0x00007ffa9911d000 	C:\WINDOWS\SYSTEM32\WINMMBASE.dll
0x00007ffaa4470000 - 0x00007ffaa44ba000 	C:\WINDOWS\System32\cfgmgr32.dll
0x00007ffa9b150000 - 0x00007ffa9b15f000 	C:\Program Files\Java\jre1.8.0_241\bin\verify.dll
0x00007ffa89cf0000 - 0x00007ffa89d19000 	C:\Program Files\Java\jre1.8.0_241\bin\java.dll
0x00007ffa89cd0000 - 0x00007ffa89ce6000 	C:\Program Files\Java\jre1.8.0_241\bin\zip.dll
0x00007ffaa5dd0000 - 0x00007ffaa64b5000 	C:\WINDOWS\System32\SHELL32.dll
0x00007ffaa50c0000 - 0x00007ffaa5169000 	C:\Program Files\Java\jre1.8.0_241\bin\javaw.exe
0x00007ffaa3cf0000 - 0x00007ffaa446f000 	C:\WINDOWS\System32\ADVAPI32.dll
0x00007ffaa3810000 - 0x00007ffaa382f000 	C:\WINDOWS\System32\RPCRT4.dll
0x00007ffaa37a0000 - 0x00007ffaa37ea000 	C:\WINDOWS\System32\GDI32.dll
0x00007ffaa3790000 - 0x00007ffaa37a0000 	C:\WINDOWS\System32\ucrtbase.dll
0x00007ffaa5860000 - 0x00007ffaa58b2000 	C:\WINDOWS\System32\combase.dll
0x00007ffaa37f0000 - 0x00007ffaa3801000 	C:\WINDOWS\System32\IMM32.DLL
0x00007ffaa4640000 - 0x00007ffaa4657000 	C:\Program Files\Java\jre1.8.0_241\bin\server\jvm.dll
0x0000000000f90000 - 0x0000000000f93000 	C:\WINDOWS\SYSTEM32\WSOCK32.dll
0x0000000000fa0000 - 0x0000000000fa3000 	C:\WINDOWS\SYSTEM32\VERSION.dll
0x0000000000fb0000 - 0x0000000000fb3000 	C:\WINDOWS\System32\WS2_32.dll
0x0000000000fc0000 - 0x0000000000fc3000 	C:\WINDOWS\System32\cfgmgr32.dll
0x0000000000fd0000 - 0x0000000000fd4000 	C:\Program Files\Java\jre1.8.0_241\bin\verify.dll
0x0000000000fe0000 - 0x0000000000fe3000 	C:\Program Files\Java\jre1.8.0_241\bin\zip.dll
0x0000000000ff0000 - 0x0000000000ff3000 	C:\Program Files\Java\jre1.8.0_241\bin\api-ms-win-core-file-l2-1-0.dll
0x0000000001000000 - 0x0000000001003000 	C:\WINDOWS\SYSTEM32\apphelp.dll
0x0000000001010000 - 0x0000000001013000 	C:\WINDOWS\System32\USER32.dll
0x0000000001020000 - 0x0000000001023000 	C:\WINDOWS\System32\gdi32full.dll
0x00000000028e0000 - 0x00000000028e3000 	C:\WINDOWS\WinSxS\amd64_microsoft.windows.common-controls_6595b64144ccf1df_6.0.18362.657_none_e6c5b579130e3898\COMCTL32.dll
0x00000000028f0000 - 0x00000000028f3000 	C:\WINDOWS\System32\IMM32.DLL
0x0000000002900000 - 0x0000000002903000 	C:\Program Files\Java\jre1.8.0_241\bin\server\jvm.dll
0x0000000002910000 - 0x0000000002913000 	C:\WINDOWS\SYSTEM32\VERSION.dll
0x0000000002920000 - 0x0000000002923000 	C:\WINDOWS\System32\WS2_32.dll
0x0000000002930000 - 0x0000000002933000 	C:\WINDOWS\System32\cfgmgr32.dll
0x0000000002940000 - 0x0000000002943000 	C:\Program Files\Java\jre1.8.0_241\bin\java.dll
0x0000000002950000 - 0x0000000002953000 	C:\Program Files\Java\jre1.8.0_241\bin\api-ms-win-core-profile-l1-1-0.dll
0x000000001cc80000 - 0x000000001cc83000 	C:\Program Files\Java\jre1.8.0_241\bin\api-ms-win-core-rtlsupport-l1-1-0.dll
0x000000001cc90000 - 0x000000001cc93000 	C:\Program Files\Java\jre1.8.0_241\bin\api-ms-win-core-string-l1-1-0.dll
0x000000001cca0000 - 0x000000001cca3000 	C:\Program Files\Java\jre1.8.0_241\bin\api-ms-win-core-synch-l1-1-0.dll
0x000000001ccb0000 - 0x000000001ccb3000 	C:\Program Files\Java\jre1.8.0_241\bin\api-ms-win-core-synch-l1-2-0.dll
0x000000001ccc0000 - 0x000000001ccc3000 	C:\Program Files\Java\jre1.8.0_241\bin\api-ms-win-core-sysinfo-l1-1-0.dll
0x000000001ccd0000 - 0x000000001ccd3000 	C:\Program Files\Java\jre1.8.0_241\bin\api-ms-win-core-timezone-l1-1-0.dll
0x000000001cce0000 - 0x000000001cce3000 	C:\Program Files\Java\jre1.8.0_241\bin\api-ms-win-core-util-l1-1-0.dll
0x000000001ccf0000 - 0x000000001ccf3000 	C:\Program Files\Java\jre1.8.0_241\bin\api-ms-win-crt-conio-l1-1-0.dll
0x000000001cd00000 - 0x000000001cd04000 	C:\Program Files\Java\jre1.8.0_241\bin\api-ms-win-crt-convert-l1-1-0.dll
0x000000001cd10000 - 0x000000001cd13000 	C:\Program Files\Java\jre1.8.0_241\bin\api-ms-win-crt-environment-l1-1-0.dll
0x000000001cd20000 - 0x000000001cd23000 	C:\Program Files\Java\jre1.8.0_241\bin\api-ms-win-crt-filesystem-l1-1-0.dll
0x000000001cd30000 - 0x000000001cd33000 	C:\Program Files\Java\jre1.8.0_241\bin\api-ms-win-crt-heap-l1-1-0.dll
0x000000001cd40000 - 0x000000001cd43000 	C:\Program Files\Java\jre1.8.0_241\bin\api-ms-win-crt-locale-l1-1-0.dll
0x000000001cd50000 - 0x000000001cd55000 	C:\Program Files\Java\jre1.8.0_241\bin\api-ms-win-crt-math-l1-1-0.dll
0x000000001cd60000 - 0x000000001cd65000 	C:\Program Files\Java\jre1.8.0_241\bin\api-ms-win-crt-multibyte-l1-1-0.dll
0x000000001cd70000 - 0x000000001cd80000 	C:\Program Files\Java\jre1.8.0_241\bin\api-ms-win-crt-private-l1-1-0.dll
0x000000001cd80000 - 0x000000001cd83000 	C:\Program Files\Java\jre1.8.0_241\bin\api-ms-win-crt-process-l1-1-0.dll
0x000000001cd90000 - 0x000000001cd94000 	C:\Program Files\Java\jre1.8.0_241\bin\api-ms-win-crt-runtime-l1-1-0.dll
0x000000001cda0000 - 0x000000001cda4000 	C:\Program Files\Java\jre1.8.0_241\bin\api-ms-win-crt-stdio-l1-1-0.dll
0x000000001cdb0000 - 0x000000001cdb4000 	C:\Program Files\Java\jre1.8.0_241\bin\api-ms-win-crt-string-l1-1-0.dll
0x000000001cdc0000 - 0x000000001cdc3000 	C:\Program Files\Java\jre1.8.0_241\bin\api-ms-win-crt-time-l1-1-0.dll
0x000000001cdd0000 - 0x000000001cdd3000 	C:\Program Files\Java\jre1.8.0_241\bin\api-ms-win-crt-utility-l1-1-0.dll
0x00007ffa74930000 - 0x00007ffa74a2c000 	C:\Program Files\Java\jre1.8.0_241\bin\ucrtbase.dll
0x00007ffa9e990000 - 0x00007ffa9e9a5000 	C:\Program Files\Java\jre1.8.0_241\bin\vcruntime140.dll
0x00007ffa7bd40000 - 0x00007ffa7bddb000 	C:\Program Files\Java\jre1.8.0_241\bin\msvcp140.dll
0x00007ffa88e70000 - 0x00007ffa88ec1000 	C:\Program Files\Java\jre1.8.0_241\bin\concrt140.dll
0x00007ffa896b0000 - 0x00007ffa896d3000 	C:\Program Files\Java\jre1.8.0_241\bin\prism_d3d.dll
0x00007ffa7b820000 - 0x00007ffa7b9e7000 	C:\WINDOWS\system32\d3d9.dll
0x00007ffaa1b50000 - 0x00007ffaa1b7d000 	C:\WINDOWS\SYSTEM32\dwmapi.dll
0x00007ffaa2400000 - 0x00007ffaa2420000 	C:\WINDOWS\SYSTEM32\dxcore.dll
0x00007ffaa1730000 - 0x00007ffaa17c9000 	C:\WINDOWS\system32\uxtheme.dll
0x00007ffa83c50000 - 0x00007ffa83d3f000 	C:\WINDOWS\System32\DriverStore\FileRepository\nvami.inf_amd64_c731909e98902516\nvldumdx.dll
0x00007ffaa44f0000 - 0x00007ffaa4639000 	C:\WINDOWS\System32\crypt32.dll
0x00007ffaa3830000 - 0x00007ffaa3842000 	C:\WINDOWS\System32\MSASN1.dll
0x00007ffaa4660000 - 0x00007ffaa46bc000 	C:\WINDOWS\System32\WINTRUST.DLL
0x00007ffaa50a0000 - 0x00007ffaa50bd000 	C:\WINDOWS\System32\imagehlp.dll
0x00007ffaa2b70000 - 0x00007ffaa2ba3000 	C:\WINDOWS\system32\rsaenh.dll
0x00007ffaa44c0000 - 0x00007ffaa44e6000 	C:\WINDOWS\System32\bcrypt.dll
0x00007ffaa31d0000 - 0x00007ffaa31dc000 	C:\WINDOWS\SYSTEM32\CRYPTBASE.dll
0x00007ffa31000000 - 0x00007ffa32502000 	C:\WINDOWS\System32\DriverStore\FileRepository\nvami.inf_amd64_c731909e98902516\nvd3dumx.dll
0x00007ffa86ff0000 - 0x00007ffa87035000 	C:\Program Files\Java\jre1.8.0_241\bin\glass.dll
0x00007ffaa5c00000 - 0x00007ffaa5cd0000 	C:\WINDOWS\System32\COMDLG32.dll
0x00007ffaa49d0000 - 0x00007ffaa4b26000 	C:\WINDOWS\System32\ole32.dll
0x00007ffaa5d00000 - 0x00007ffaa5dc4000 	C:\WINDOWS\System32\OLEAUT32.dll
0x00007ffaa4ce0000 - 0x00007ffaa4e15000 	C:\WINDOWS\System32\MSCTF.dll
0x00007ffa69450000 - 0x00007ffa69711000 	C:\WINDOWS\system32\nvspcap64.dll
0x00007ffaa27f0000 - 0x00007ffaa2821000 	C:\WINDOWS\SYSTEM32\ntmarta.dll
0x00007ffaa23b0000 - 0x00007ffaa23d2000 	C:\WINDOWS\SYSTEM32\gpapi.dll
0x00007ffa9d8f0000 - 0x00007ffa9d91f000 	C:\WINDOWS\SYSTEM32\cryptnet.dll
0x00007ffa9eda0000 - 0x00007ffa9edba000 	C:\Program Files\Java\jre1.8.0_241\bin\net.dll
0x00007ffaa3000000 - 0x00007ffaa3067000 	C:\WINDOWS\system32\mswsock.dll
0x00007ffaa2d50000 - 0x00007ffaa2e1a000 	C:\WINDOWS\SYSTEM32\DNSAPI.dll
0x00007ffaa58c0000 - 0x00007ffaa58c8000 	C:\WINDOWS\System32\NSI.dll
0x00007ffaa2d10000 - 0x00007ffaa2d4a000 	C:\WINDOWS\SYSTEM32\IPHLPAPI.DLL
0x00007ffa9de70000 - 0x00007ffa9de7a000 	C:\Windows\System32\rasadhlp.dll
0x00007ffa99fd0000 - 0x00007ffa9a047000 	C:\WINDOWS\System32\fwpuclnt.dll

VM Arguments:
jvm_args: -Dfile.encoding=Cp1252 
java_command: Main
java_class_path (initial): C:\Users\Adrian\eclipse-workspace\Text Analyzer\bin;C:\Users\Adrian\Downloads\jsoup-1.12.1.jar
Launcher Type: SUN_STANDARD

Environment Variables:
PATH=C:/Program Files/Java/jre1.8.0_241/bin/server;C:/Program Files/Java/jre1.8.0_241/bin;C:/Program Files/Java/jre1.8.0_241/lib/amd64;C:\Program Files (x86)\Common Files\Oracle\Java\javapath;C:\ProgramData\Oracle\Java\javapath;C:\WINDOWS\system32;C:\WINDOWS;C:\WINDOWS\System32\Wbem;C:\WINDOWS\System32\WindowsPowerShell\v1.0\;C:\WINDOWS\System32\OpenSSH\;C:\Program Files (x86)\Brackets\command;C:\Program Files\NVIDIA Corporation\NVIDIA NvDLISR;C:\Program Files (x86)\NVIDIA Corporation\PhysX\Common;C:\WINDOWS\system32;C:\WINDOWS;C:\WINDOWS\System32\Wbem;C:\WINDOWS\System32\WindowsPowerShell\v1.0\;C:\WINDOWS\System32\OpenSSH\;C:\Program Files\Microsoft SQL Server\Client SDK\ODBC\130\Tools\Binn\;C:\Program Files (x86)\Microsoft SQL Server\140\Tools\Binn\;C:\Program Files\Microsoft SQL Server\140\Tools\Binn\;C:\Program Files\Microsoft SQL Server\140\DTS\Binn\;C:\Program Files (x86)\Microsoft SQL Server\150\DTS\Binn\;C:\Program Files\Git\cmd;C:\Users\Adrian\AppData\Local\Microsoft\WindowsApps;C:\Users\Adrian\AppData\Local\atom\bin;C:\Users\Adrian\Desktop;
USERNAME=Adrian
OS=Windows_NT
PROCESSOR_IDENTIFIER=Intel64 Family 6 Model 94 Stepping 3, GenuineIntel



---------------  S Y S T E M  ---------------

OS: Windows 10.0 , 64 bit Build 18362 (10.0.18362.329)

CPU:total 8 (initial active 8) (4 cores per cpu, 2 threads per core) family 6 model 94 stepping 3, cmov, cx8, fxsr, mmx, sse, sse2, sse3, ssse3, sse4.1, sse4.2, popcnt, avx, avx2, aes, clmul, erms, rtm, 3dnowpref, lzcnt, ht, tsc, tscinvbit, bmi1, bmi2, adx

Memory: 4k page, physical 12519812k(2784804k free), swap 50268548k(52544k free)

vm_info: Java HotSpot(TM) 64-Bit Server VM (25.241-b07) for windows-amd64 JRE (1.8.0_241-b07), built on Dec 11 2019 10:21:40 by "rejava" with MS VC++ 10.0 (VS2010)

time: Thu Mar 05 22:41:47 2020
timezone: Eastern Standard Time
elapsed time: 0 seconds (0d 0h 0m 0s)

