#
# There is insufficient memory for the Java Runtime Environment to continue.
# Native memory allocation (malloc) failed to allocate 32744 bytes for ChunkPool::allocate
# Possible reasons:
#   The system is out of physical RAM or swap space
#   The process is running with CompressedOops enabled, and the Java Heap may be blocking the growth of the native heap
# Possible solutions:
#   Reduce memory load on the system
#   Increase physical memory or swap space
#   Check if swap backing store is full
#   Decrease Java heap size (-Xmx/-Xms)
#   Decrease number of Java threads
#   Decrease Java thread stack sizes (-Xss)
#   Set larger code cache with -XX:ReservedCodeCacheSize=
#   JVM is running with Zero Based Compressed Oops mode in which the Java heap is
#     placed in the first 32GB address space. The Java Heap base address is the
#     maximum limit for the native heap growth. Please use -XX:HeapBaseMinAddress
#     to set the Java Heap base and to place the Java Heap above 32GB virtual address.
# This output file may be truncated or incomplete.
#
#  Out of Memory Error (allocation.cpp:272), pid=16172, tid=0x000000000000569c
#
# JRE version: Java(TM) SE Runtime Environment (8.0_241-b07) (build 1.8.0_241-b07)
# Java VM: Java HotSpot(TM) 64-Bit Server VM (25.241-b07 mixed mode windows-amd64 compressed oops)
# Failed to write core dump. Minidumps are not enabled by default on client versions of Windows
#

---------------  T H R E A D  ---------------

Current thread (0x000000001c8d5800):  JavaThread "C2 CompilerThread2" daemon [_thread_in_native, id=22172, stack(0x000000001d2a0000,0x000000001d3a0000)]

Stack: [0x000000001d2a0000,0x000000001d3a0000]
[error occurred during error reporting (printing stack bounds), id 0xc0000005]

Native frames: (J=compiled Java code, j=interpreted, Vv=VM code, C=native code)


Current CompileTask:
C2:   3738  965       4       java.lang.String::toLowerCase (439 bytes)


---------------  P R O C E S S  ---------------

Java Threads: ( => current thread )
  0x000000001d7ac800 JavaThread "Thread-3" daemon [_thread_in_native, id=18904, stack(0x0000000027280000,0x0000000027380000)]
  0x000000001d70a800 JavaThread "Thread-1" daemon [_thread_blocked, id=9380, stack(0x000000001e7f0000,0x000000001e8f0000)]
  0x000000001c970000 JavaThread "Service Thread" daemon [_thread_blocked, id=20128, stack(0x000000001d4a0000,0x000000001d5a0000)]
  0x000000001c8e1800 JavaThread "C1 CompilerThread3" daemon [_thread_in_vm, id=7232, stack(0x000000001d3a0000,0x000000001d4a0000)]
=>0x000000001c8d5800 JavaThread "C2 CompilerThread2" daemon [_thread_in_native, id=22172, stack(0x000000001d2a0000,0x000000001d3a0000)]
  0x000000001c8d0000 JavaThread "C2 CompilerThread1" daemon [_thread_in_native, id=18336, stack(0x000000001d1a0000,0x000000001d2a0000)]
  0x000000001c8ca800 JavaThread "C2 CompilerThread0" daemon [_thread_in_native, id=308, stack(0x000000001d0a0000,0x000000001d1a0000)]
  0x000000001c8c8000 JavaThread "Attach Listener" daemon [_thread_blocked, id=12040, stack(0x000000001cfa0000,0x000000001d0a0000)]
  0x000000001a9ce800 JavaThread "Signal Dispatcher" daemon [_thread_blocked, id=13732, stack(0x000000001cea0000,0x000000001cfa0000)]
  0x000000000347e800 JavaThread "Finalizer" daemon [_thread_blocked, id=6552, stack(0x000000001cca0000,0x000000001cda0000)]
  0x0000000003477800 JavaThread "Reference Handler" daemon [_thread_blocked, id=22108, stack(0x000000001c7a0000,0x000000001c8a0000)]
  0x000000000145e000 JavaThread "main" [_thread_in_Java, id=23464, stack(0x00000000031a0000,0x00000000032a0000)]

Other Threads:
  0x000000001a9ba000 VMThread [stack: 0x000000001c6a0000,0x000000001c7a0000] [id=6844]
  0x000000001c9a2800 WatcherThread [stack: 0x000000001d5a0000,0x000000001d6a0000] [id=7256]

VM state:not at safepoint (normal execution)

VM Mutex/Monitor currently owned by a thread:  ([mutex/lock_event])
[0x000000000145c5b0] CodeCache_lock - owner thread: 0x000000001c8e1800
[0x00000000033815d0] Compile_lock - owner thread: 0x000000001c8e1800
[0x0000000003381950] MethodCompileQueue_lock - owner thread: 0x000000001c8e1800

heap address: 0x0000000700e00000, size: 3058 MB, Compressed Oops mode: Zero based, Oop shift amount: 3
Narrow klass base: 0x0000000000000000, Narrow klass shift: 3
Compressed class space size: 1073741824 Address: 0x00000007c0000000

Heap:
 PSYoungGen      total 57344K, used 29015K [0x0000000780500000, 0x0000000784500000, 0x00000007c0000000)
  eden space 49152K, 59% used [0x0000000780500000,0x0000000782155e10,0x0000000783500000)
  from space 8192K, 0% used [0x0000000783d00000,0x0000000783d00000,0x0000000784500000)
  to   space 8192K, 0% used [0x0000000783500000,0x0000000783500000,0x0000000783d00000)
 ParOldGen       total 131072K, used 0K [0x0000000700e00000, 0x0000000708e00000, 0x0000000780500000)
  object space 131072K, 0% used [0x0000000700e00000,0x0000000700e00000,0x0000000708e00000)
 Metaspace       used 12398K, capacity 12948K, committed 13184K, reserved 1060864K
  class space    used 1671K, capacity 1818K, committed 1920K, reserved 1048576K

Card table byte_map: [0x0000000012840000,0x0000000012e40000] byte_map_base: 0x000000000f039000

Marking Bits: (ParMarkBitMap*) 0x00000000653dbe30
 Begin Bits: [0x0000000013a40000, 0x0000000016a08000)
 End Bits:   [0x0000000016a08000, 0x00000000199d0000)

Polling page: 0x0000000001940000

CodeCache: size=245760Kb used=3807Kb max_used=3807Kb free=241952Kb
 bounds [0x0000000003480000, 0x0000000003840000, 0x0000000012480000]
 total_blobs=1513 nmethods=929 adapters=495
 compilation: enabled

Compilation events (10 events):
Event: 3.727 Thread 0x000000001c8ca800 nmethod 960 0x00000000037f2050 code [0x00000000037f21a0, 0x00000000037f22d8]
Event: 3.729 Thread 0x000000001c8d5800  965       4       java.lang.String::toLowerCase (439 bytes)
Event: 3.730 Thread 0x000000001c8d0000  966       4       org.jsoup.parser.HtmlTreeBuilder::process (15 bytes)
Event: 3.730 Thread 0x000000001c8ca800  967       4       org.jsoup.parser.TreeBuilder::currentElement (30 bytes)
Event: 3.731 Thread 0x000000001c8d0000 nmethod 966 0x00000000037f2490 code [0x00000000037f25e0, 0x00000000037f26c8]
Event: 3.731 Thread 0x000000001c8d0000  968       4       org.jsoup.parser.TokeniserState$1::read (109 bytes)
Event: 3.732 Thread 0x000000001c8ca800 nmethod 967 0x00000000037f27d0 code [0x00000000037f2920, 0x00000000037f2a38]
Event: 3.732 Thread 0x000000001c8ca800  971       4       org.jsoup.internal.Normalizer::lowerCase (17 bytes)
Event: 3.732 Thread 0x000000001c8ca800 nmethod 971 0x00000000037ede10 code [0x00000000037edf60, 0x00000000037edfe8]
Event: 3.736 Thread 0x000000001c8ca800  972       4       org.jsoup.parser.CharacterReader::isEmpty (21 bytes)

GC Heap History (0 events):
No events

Deoptimization events (10 events):
Event: 0.732 Thread 0x000000001d723800 Uncommon trap: reason=class_check action=maybe_recompile pc=0x00000000036f99e8 method=java.io.DataInputStream.readShort()S @ 4
Event: 0.732 Thread 0x000000001d723800 Uncommon trap: reason=class_check action=maybe_recompile pc=0x00000000036f99e8 method=java.io.DataInputStream.readShort()S @ 4
Event: 0.744 Thread 0x000000001d723800 Uncommon trap: reason=class_check action=maybe_recompile pc=0x000000000359f680 method=java.lang.String.equals(Ljava/lang/Object;)Z @ 8
Event: 0.744 Thread 0x000000001d723800 Uncommon trap: reason=class_check action=maybe_recompile pc=0x000000000359f680 method=java.lang.String.equals(Ljava/lang/Object;)Z @ 8
Event: 0.744 Thread 0x000000001d723800 Uncommon trap: reason=class_check action=maybe_recompile pc=0x000000000359f680 method=java.lang.String.equals(Ljava/lang/Object;)Z @ 8
Event: 0.791 Thread 0x000000001d6f5000 Uncommon trap: reason=unstable_if action=reinterpret pc=0x0000000003738798 method=sun.net.www.ParseUtil.encodePath(Ljava/lang/String;Z)Ljava/lang/String; @ 109
Event: 3.671 Thread 0x000000000145e000 Uncommon trap: reason=unstable_if action=reinterpret pc=0x0000000003793134 method=java.lang.String.regionMatches(ZILjava/lang/String;II)Z @ 123
Event: 3.691 Thread 0x000000000145e000 Uncommon trap: reason=class_check action=maybe_recompile pc=0x00000000037aa2d0 method=org.jsoup.parser.CharacterReader.bufferUp()V @ 20
Event: 3.692 Thread 0x000000000145e000 Uncommon trap: reason=unstable_if action=reinterpret pc=0x00000000037abe30 method=java.lang.CharacterDataLatin1.digit(II)I @ 60
Event: 3.712 Thread 0x000000000145e000 Uncommon trap: reason=class_check action=maybe_recompile pc=0x00000000037aa2d0 method=org.jsoup.parser.CharacterReader.bufferUp()V @ 20

Classes redefined (0 events):
No events

Internal exceptions (10 events):
Event: 0.035 Thread 0x000000000145e000 Exception <a 'java/lang/NoSuchMethodError': Method sun.misc.Unsafe.prefetchRead(Ljava/lang/Object;J)V name or signature does not match> (0x0000000780507fa8) thrown at [C:\ade\jenkins\workspace\8-2-build-windows-amd64-cygwin\jdk8u241\331\hotspot\src\share\
Event: 0.127 Thread 0x000000000145e000 Exception <a 'java/lang/NoSuchFieldError': method resolution failed> (0x0000000780767e98) thrown at [C:\ade\jenkins\workspace\8-2-build-windows-amd64-cygwin\jdk8u241\331\hotspot\src\share\vm\prims\methodHandles.cpp, line 1167]
Event: 0.129 Thread 0x000000000145e000 Exception <a 'java/lang/NoSuchFieldError': method resolution failed> (0x0000000780775218) thrown at [C:\ade\jenkins\workspace\8-2-build-windows-amd64-cygwin\jdk8u241\331\hotspot\src\share\vm\prims\methodHandles.cpp, line 1167]
Event: 0.148 Thread 0x000000000145e000 Exception <a 'java/security/PrivilegedActionException'> (0x00000007807ff868) thrown at [C:\ade\jenkins\workspace\8-2-build-windows-amd64-cygwin\jdk8u241\331\hotspot\src\share\vm\prims\jvm.cpp, line 1502]
Event: 0.148 Thread 0x000000000145e000 Exception <a 'java/security/PrivilegedActionException'> (0x00000007807ffa78) thrown at [C:\ade\jenkins\workspace\8-2-build-windows-amd64-cygwin\jdk8u241\331\hotspot\src\share\vm\prims\jvm.cpp, line 1502]
Event: 0.149 Thread 0x000000000145e000 Exception <a 'java/security/PrivilegedActionException'> (0x00000007808036e8) thrown at [C:\ade\jenkins\workspace\8-2-build-windows-amd64-cygwin\jdk8u241\331\hotspot\src\share\vm\prims\jvm.cpp, line 1502]
Event: 0.149 Thread 0x000000000145e000 Exception <a 'java/security/PrivilegedActionException'> (0x00000007808038f8) thrown at [C:\ade\jenkins\workspace\8-2-build-windows-amd64-cygwin\jdk8u241\331\hotspot\src\share\vm\prims\jvm.cpp, line 1502]
Event: 0.149 Thread 0x000000000145e000 Exception <a 'java/lang/NullPointerException'> (0x0000000780803ed0) thrown at [C:\ade\jenkins\workspace\8-2-build-windows-amd64-cygwin\jdk8u241\331\hotspot\src\share\vm\interpreter\linkResolver.cpp, line 1185]
Event: 0.508 Thread 0x000000001d723800 Exception <a 'java/lang/NullPointerException'> (0x00000007811c5738) thrown at [C:\ade\jenkins\workspace\8-2-build-windows-amd64-cygwin\jdk8u241\331\hotspot\src\share\vm\interpreter\linkResolver.cpp, line 1185]
Event: 0.508 Thread 0x000000001d723800 Exception <a 'java/lang/NullPointerException'> (0x00000007811c5738) thrown at [C:\ade\jenkins\workspace\8-2-build-windows-amd64-cygwin\jdk8u241\331\hotspot\src\share\vm\prims\jvm.cpp, line 1506]

Events (10 events):
Event: 3.691 loading class sun/nio/cs/ISO_8859_1$Decoder done
Event: 3.691 Thread 0x000000000145e000 Uncommon trap: trap_request=0xffffffde fr.pc=0x00000000037aa2d0
Event: 3.691 Thread 0x000000000145e000 DEOPT PACKING pc=0x00000000037aa2d0 sp=0x000000000329dad0
Event: 3.691 Thread 0x000000000145e000 DEOPT UNPACKING pc=0x00000000034c583b sp=0x000000000329da68 mode 2
Event: 3.692 Thread 0x000000000145e000 Uncommon trap: trap_request=0xffffff65 fr.pc=0x00000000037abe30
Event: 3.692 Thread 0x000000000145e000 DEOPT PACKING pc=0x00000000037abe30 sp=0x000000000329d360
Event: 3.692 Thread 0x000000000145e000 DEOPT UNPACKING pc=0x00000000034c583b sp=0x000000000329d2d0 mode 2
Event: 3.712 Thread 0x000000000145e000 Uncommon trap: trap_request=0xffffffde fr.pc=0x00000000037aa2d0
Event: 3.712 Thread 0x000000000145e000 DEOPT PACKING pc=0x00000000037aa2d0 sp=0x000000000329db00
Event: 3.712 Thread 0x000000000145e000 DEOPT UNPACKING pc=0x00000000034c583b sp=0x000000000329da90 mode 2


Dynamic libraries:
0x00007ff685010000 - 0x00007ff685047000 	C:\Program Files\Java\jre1.8.0_241\bin\javaw.exe
0x00007ffaa68c0000 - 0x00007ffaa6ab0000 	C:\WINDOWS\SYSTEM32\ntdll.dll
0x00007ffaa5b40000 - 0x00007ffaa5bf2000 	C:\WINDOWS\System32\KERNEL32.DLL
0x00007ffaa46c0000 - 0x00007ffaa4963000 	C:\WINDOWS\System32\KERNELBASE.dll
0x00007ffaa1640000 - 0x00007ffaa16cf000 	C:\WINDOWS\SYSTEM32\apphelp.dll
0x00007ffaa4e50000 - 0x00007ffaa4ef3000 	C:\WINDOWS\System32\ADVAPI32.dll
0x00007ffaa5aa0000 - 0x00007ffaa5b3e000 	C:\WINDOWS\System32\msvcrt.dll
0x00007ffaa5980000 - 0x00007ffaa5a17000 	C:\WINDOWS\System32\sechost.dll
0x00007ffaa5650000 - 0x00007ffaa5770000 	C:\WINDOWS\System32\RPCRT4.dll
0x00007ffaa4f00000 - 0x00007ffaa5094000 	C:\WINDOWS\System32\USER32.dll
0x00007ffaa3850000 - 0x00007ffaa3871000 	C:\WINDOWS\System32\win32u.dll
0x00007ffaa4e20000 - 0x00007ffaa4e46000 	C:\WINDOWS\System32\GDI32.dll
0x00007ffaa3b50000 - 0x00007ffaa3ce4000 	C:\WINDOWS\System32\gdi32full.dll
0x00007ffaa3900000 - 0x00007ffaa399e000 	C:\WINDOWS\System32\msvcp_win.dll
0x00007ffaa3a50000 - 0x00007ffaa3b4a000 	C:\WINDOWS\System32\ucrtbase.dll
0x00007ffa8b840000 - 0x00007ffa8bac5000 	C:\WINDOWS\WinSxS\amd64_microsoft.windows.common-controls_6595b64144ccf1df_6.0.18362.657_none_e6c5b579130e3898\COMCTL32.dll
0x00007ffaa64c0000 - 0x00007ffaa67f6000 	C:\WINDOWS\System32\combase.dll
0x00007ffaa3880000 - 0x00007ffaa3900000 	C:\WINDOWS\System32\bcryptPrimitives.dll
0x00007ffaa5cd0000 - 0x00007ffaa5cfe000 	C:\WINDOWS\System32\IMM32.DLL
0x0000000064ad0000 - 0x0000000064ba2000 	C:\Program Files\Java\jre1.8.0_241\bin\msvcr100.dll
0x0000000064bb0000 - 0x000000006545c000 	C:\Program Files\Java\jre1.8.0_241\bin\server\jvm.dll
0x00007ffaa5770000 - 0x00007ffaa5778000 	C:\WINDOWS\System32\PSAPI.DLL
0x00007ffa9da10000 - 0x00007ffa9da1a000 	C:\WINDOWS\SYSTEM32\VERSION.dll
0x00007ffaa22a0000 - 0x00007ffaa22a9000 	C:\WINDOWS\SYSTEM32\WSOCK32.dll
0x00007ffa99330000 - 0x00007ffa99354000 	C:\WINDOWS\SYSTEM32\WINMM.dll
0x00007ffaa55e0000 - 0x00007ffaa564f000 	C:\WINDOWS\System32\WS2_32.dll
0x00007ffa990f0000 - 0x00007ffa9911d000 	C:\WINDOWS\SYSTEM32\winmmbase.dll
0x00007ffaa4470000 - 0x00007ffaa44ba000 	C:\WINDOWS\System32\cfgmgr32.dll
0x00007ffa9b150000 - 0x00007ffa9b15f000 	C:\Program Files\Java\jre1.8.0_241\bin\verify.dll
0x00007ffa89cf0000 - 0x00007ffa89d19000 	C:\Program Files\Java\jre1.8.0_241\bin\java.dll
0x00007ffa89cd0000 - 0x00007ffa89ce6000 	C:\Program Files\Java\jre1.8.0_241\bin\zip.dll
0x00007ffaa5dd0000 - 0x00007ffaa64b5000 	C:\WINDOWS\System32\SHELL32.dll
0x00007ffaa50c0000 - 0x00007ffaa5169000 	C:\WINDOWS\System32\shcore.dll
0x00007ffaa3cf0000 - 0x00007ffaa446f000 	C:\WINDOWS\System32\windows.storage.dll
0x00007ffaa3810000 - 0x00007ffaa382f000 	C:\WINDOWS\System32\profapi.dll
0x00007ffaa37a0000 - 0x00007ffaa37ea000 	C:\WINDOWS\System32\powrprof.dll
0x00007ffaa3790000 - 0x00007ffaa37a0000 	C:\WINDOWS\System32\UMPDC.dll
0x00007ffaa5860000 - 0x00007ffaa58b2000 	C:\WINDOWS\System32\shlwapi.dll
0x00007ffaa37f0000 - 0x00007ffaa3801000 	C:\WINDOWS\System32\kernel.appcore.dll
0x00007ffaa4640000 - 0x00007ffaa4657000 	C:\WINDOWS\System32\cryptsp.dll
0x00000000019c0000 - 0x00000000019c3000 	C:\Program Files\Java\jre1.8.0_241\bin\api-ms-win-core-console-l1-1-0.dll
0x00000000019d0000 - 0x00000000019d3000 	C:\Program Files\Java\jre1.8.0_241\bin\api-ms-win-core-datetime-l1-1-0.dll
0x00000000019e0000 - 0x00000000019e3000 	C:\Program Files\Java\jre1.8.0_241\bin\api-ms-win-core-debug-l1-1-0.dll
0x00000000032a0000 - 0x00000000032a3000 	C:\Program Files\Java\jre1.8.0_241\bin\api-ms-win-core-errorhandling-l1-1-0.dll
0x00000000032b0000 - 0x00000000032b4000 	C:\Program Files\Java\jre1.8.0_241\bin\api-ms-win-core-file-l1-1-0.dll
0x00000000032c0000 - 0x00000000032c3000 	C:\Program Files\Java\jre1.8.0_241\bin\api-ms-win-core-file-l1-2-0.dll
0x00000000032d0000 - 0x00000000032d3000 	C:\Program Files\Java\jre1.8.0_241\bin\api-ms-win-core-file-l2-1-0.dll
0x00000000032e0000 - 0x00000000032e3000 	C:\Program Files\Java\jre1.8.0_241\bin\api-ms-win-core-handle-l1-1-0.dll
0x00000000032f0000 - 0x00000000032f3000 	C:\Program Files\Java\jre1.8.0_241\bin\api-ms-win-core-heap-l1-1-0.dll
0x0000000003300000 - 0x0000000003303000 	C:\Program Files\Java\jre1.8.0_241\bin\api-ms-win-core-interlocked-l1-1-0.dll
0x0000000003310000 - 0x0000000003313000 	C:\Program Files\Java\jre1.8.0_241\bin\api-ms-win-core-libraryloader-l1-1-0.dll
0x0000000003320000 - 0x0000000003323000 	C:\Program Files\Java\jre1.8.0_241\bin\api-ms-win-core-localization-l1-2-0.dll
0x0000000003330000 - 0x0000000003333000 	C:\Program Files\Java\jre1.8.0_241\bin\api-ms-win-core-memory-l1-1-0.dll
0x0000000003340000 - 0x0000000003343000 	C:\Program Files\Java\jre1.8.0_241\bin\api-ms-win-core-namedpipe-l1-1-0.dll
0x0000000003350000 - 0x0000000003353000 	C:\Program Files\Java\jre1.8.0_241\bin\api-ms-win-core-processenvironment-l1-1-0.dll
0x0000000003360000 - 0x0000000003363000 	C:\Program Files\Java\jre1.8.0_241\bin\api-ms-win-core-processthreads-l1-1-0.dll
0x000000001dea0000 - 0x000000001dea3000 	C:\Program Files\Java\jre1.8.0_241\bin\api-ms-win-core-processthreads-l1-1-1.dll
0x000000001deb0000 - 0x000000001deb3000 	C:\Program Files\Java\jre1.8.0_241\bin\api-ms-win-core-profile-l1-1-0.dll
0x000000001dec0000 - 0x000000001dec3000 	C:\Program Files\Java\jre1.8.0_241\bin\api-ms-win-core-rtlsupport-l1-1-0.dll
0x000000001ded0000 - 0x000000001ded3000 	C:\Program Files\Java\jre1.8.0_241\bin\api-ms-win-core-string-l1-1-0.dll
0x000000001dee0000 - 0x000000001dee3000 	C:\Program Files\Java\jre1.8.0_241\bin\api-ms-win-core-synch-l1-1-0.dll
0x000000001def0000 - 0x000000001def3000 	C:\Program Files\Java\jre1.8.0_241\bin\api-ms-win-core-synch-l1-2-0.dll
0x000000001df00000 - 0x000000001df03000 	C:\Program Files\Java\jre1.8.0_241\bin\api-ms-win-core-sysinfo-l1-1-0.dll
0x000000001df10000 - 0x000000001df13000 	C:\Program Files\Java\jre1.8.0_241\bin\api-ms-win-core-timezone-l1-1-0.dll
0x000000001df20000 - 0x000000001df23000 	C:\Program Files\Java\jre1.8.0_241\bin\api-ms-win-core-util-l1-1-0.dll
0x000000001df30000 - 0x000000001df33000 	C:\Program Files\Java\jre1.8.0_241\bin\api-ms-win-crt-conio-l1-1-0.dll
0x000000001df40000 - 0x000000001df44000 	C:\Program Files\Java\jre1.8.0_241\bin\api-ms-win-crt-convert-l1-1-0.dll
0x000000001df50000 - 0x000000001df53000 	C:\Program Files\Java\jre1.8.0_241\bin\api-ms-win-crt-environment-l1-1-0.dll
0x000000001df60000 - 0x000000001df63000 	C:\Program Files\Java\jre1.8.0_241\bin\api-ms-win-crt-filesystem-l1-1-0.dll
0x000000001df70000 - 0x000000001df73000 	C:\Program Files\Java\jre1.8.0_241\bin\api-ms-win-crt-heap-l1-1-0.dll
0x000000001df80000 - 0x000000001df83000 	C:\Program Files\Java\jre1.8.0_241\bin\api-ms-win-crt-locale-l1-1-0.dll
0x000000001df90000 - 0x000000001df95000 	C:\Program Files\Java\jre1.8.0_241\bin\api-ms-win-crt-math-l1-1-0.dll
0x000000001dfa0000 - 0x000000001dfa5000 	C:\Program Files\Java\jre1.8.0_241\bin\api-ms-win-crt-multibyte-l1-1-0.dll
0x000000001dfb0000 - 0x000000001dfc0000 	C:\Program Files\Java\jre1.8.0_241\bin\api-ms-win-crt-private-l1-1-0.dll
0x000000001dfc0000 - 0x000000001dfc3000 	C:\Program Files\Java\jre1.8.0_241\bin\api-ms-win-crt-process-l1-1-0.dll
0x000000001dfd0000 - 0x000000001dfd4000 	C:\Program Files\Java\jre1.8.0_241\bin\api-ms-win-crt-runtime-l1-1-0.dll
0x000000001dfe0000 - 0x000000001dfe4000 	C:\Program Files\Java\jre1.8.0_241\bin\api-ms-win-crt-stdio-l1-1-0.dll
0x000000001dff0000 - 0x000000001dff4000 	C:\Program Files\Java\jre1.8.0_241\bin\api-ms-win-crt-string-l1-1-0.dll
0x000000001e000000 - 0x000000001e003000 	C:\Program Files\Java\jre1.8.0_241\bin\api-ms-win-crt-time-l1-1-0.dll
0x000000001e010000 - 0x000000001e013000 	C:\Program Files\Java\jre1.8.0_241\bin\api-ms-win-crt-utility-l1-1-0.dll
0x00007ffa74930000 - 0x00007ffa74a2c000 	C:\Program Files\Java\jre1.8.0_241\bin\ucrtbase.dll
0x00007ffa9e990000 - 0x00007ffa9e9a5000 	C:\Program Files\Java\jre1.8.0_241\bin\vcruntime140.dll
0x00007ffa7bd40000 - 0x00007ffa7bddb000 	C:\Program Files\Java\jre1.8.0_241\bin\msvcp140.dll
0x00007ffa88e70000 - 0x00007ffa88ec1000 	C:\Program Files\Java\jre1.8.0_241\bin\concrt140.dll
0x00007ffa896b0000 - 0x00007ffa896d3000 	C:\Program Files\Java\jre1.8.0_241\bin\prism_d3d.dll
0x00007ffa7b820000 - 0x00007ffa7b9e7000 	C:\WINDOWS\system32\d3d9.dll
0x00007ffaa1b50000 - 0x00007ffaa1b7d000 	C:\WINDOWS\SYSTEM32\dwmapi.dll
0x00007ffaa2400000 - 0x00007ffaa2420000 	C:\WINDOWS\SYSTEM32\dxcore.dll
0x00007ffaa1730000 - 0x00007ffaa17c9000 	C:\WINDOWS\system32\uxtheme.dll
0x00007ffaa44f0000 - 0x00007ffaa4639000 	C:\WINDOWS\System32\crypt32.dll
0x00007ffaa3830000 - 0x00007ffaa3842000 	C:\WINDOWS\System32\MSASN1.dll
0x00007ffaa4660000 - 0x00007ffaa46bc000 	C:\WINDOWS\System32\WINTRUST.DLL
0x00007ffaa50a0000 - 0x00007ffaa50bd000 	C:\WINDOWS\System32\imagehlp.dll
0x00007ffaa2b70000 - 0x00007ffaa2ba3000 	C:\WINDOWS\system32\rsaenh.dll
0x00007ffaa44c0000 - 0x00007ffaa44e6000 	C:\WINDOWS\System32\bcrypt.dll
0x00007ffaa31d0000 - 0x00007ffaa31dc000 	C:\WINDOWS\SYSTEM32\CRYPTBASE.dll
0x00007ffa86ff0000 - 0x00007ffa87035000 	C:\Program Files\Java\jre1.8.0_241\bin\glass.dll
0x00007ffaa5c00000 - 0x00007ffaa5cd0000 	C:\WINDOWS\System32\COMDLG32.dll
0x00007ffaa49d0000 - 0x00007ffaa4b26000 	C:\WINDOWS\System32\ole32.dll
0x00007ffaa5d00000 - 0x00007ffaa5dc4000 	C:\WINDOWS\System32\OLEAUT32.dll
0x00007ffaa4ce0000 - 0x00007ffaa4e15000 	C:\WINDOWS\System32\MSCTF.dll
0x00007ffa69450000 - 0x00007ffa69711000 	C:\WINDOWS\system32\nvspcap64.dll
0x00007ffaa27f0000 - 0x00007ffaa2821000 	C:\WINDOWS\SYSTEM32\ntmarta.dll
0x00007ffaa23b0000 - 0x00007ffaa23d2000 	C:\WINDOWS\SYSTEM32\gpapi.dll
0x00007ffa9d8f0000 - 0x00007ffa9d91f000 	C:\WINDOWS\SYSTEM32\cryptnet.dll
0x00007ffa9b3a0000 - 0x00007ffa9b3b4000 	C:\Program Files\Java\jre1.8.0_241\bin\javafx_font.dll
0x00007ffa80e60000 - 0x00007ffa8115e000 	C:\WINDOWS\SYSTEM32\dwrite.dll
0x00007ffaa58d0000 - 0x00007ffaa5972000 	C:\WINDOWS\System32\clbcatq.dll
0x00007ffa852b0000 - 0x00007ffa8545f000 	C:\WINDOWS\SYSTEM32\WindowsCodecs.dll
0x00007ffa858a0000 - 0x00007ffa8593e000 	C:\WINDOWS\System32\TextInputFramework.dll
0x00007ffa85940000 - 0x00007ffa85c6a000 	C:\WINDOWS\System32\CoreUIComponents.dll
0x00007ffaa1090000 - 0x00007ffaa1164000 	C:\WINDOWS\System32\CoreMessaging.dll
0x00007ffa9f510000 - 0x00007ffa9f663000 	C:\WINDOWS\SYSTEM32\wintypes.dll
0x00007ffa959f0000 - 0x00007ffa95c96000 	C:\WINDOWS\System32\iertutil.dll
0x00007ffa9eda0000 - 0x00007ffa9edba000 	C:\Program Files\Java\jre1.8.0_241\bin\net.dll
0x00007ffaa3000000 - 0x00007ffaa3067000 	C:\WINDOWS\system32\mswsock.dll
0x00007ffaa2d50000 - 0x00007ffaa2e1a000 	C:\WINDOWS\SYSTEM32\DNSAPI.dll
0x00007ffaa58c0000 - 0x00007ffaa58c8000 	C:\WINDOWS\System32\NSI.dll
0x00007ffaa2d10000 - 0x00007ffaa2d4a000 	C:\WINDOWS\SYSTEM32\IPHLPAPI.DLL
0x00007ffa9de70000 - 0x00007ffa9de7a000 	C:\Windows\System32\rasadhlp.dll
0x00007ffa99fd0000 - 0x00007ffa9a047000 	C:\WINDOWS\System32\fwpuclnt.dll

VM Arguments:
jvm_args: -Dfile.encoding=Cp1252 
java_command: Main
java_class_path (initial): C:\Users\Adrian\eclipse-workspace\Text Analyzer\bin;C:\Users\Adrian\Downloads\jsoup-1.12.1.jar
Launcher Type: SUN_STANDARD

Environment Variables:
PATH=C:/Program Files/Java/jre1.8.0_241/bin/server;C:/Program Files/Java/jre1.8.0_241/bin;C:/Program Files/Java/jre1.8.0_241/lib/amd64;C:\Program Files (x86)\Common Files\Oracle\Java\javapath;C:\ProgramData\Oracle\Java\javapath;C:\WINDOWS\system32;C:\WINDOWS;C:\WINDOWS\System32\Wbem;C:\WINDOWS\System32\WindowsPowerShell\v1.0\;C:\WINDOWS\System32\OpenSSH\;C:\Program Files (x86)\Brackets\command;C:\Program Files\NVIDIA Corporation\NVIDIA NvDLISR;C:\Program Files (x86)\NVIDIA Corporation\PhysX\Common;C:\WINDOWS\system32;C:\WINDOWS;C:\WINDOWS\System32\Wbem;C:\WINDOWS\System32\WindowsPowerShell\v1.0\;C:\WINDOWS\System32\OpenSSH\;C:\Program Files\Microsoft SQL Server\Client SDK\ODBC\130\Tools\Binn\;C:\Program Files (x86)\Microsoft SQL Server\140\Tools\Binn\;C:\Program Files\Microsoft SQL Server\140\Tools\Binn\;C:\Program Files\Microsoft SQL Server\140\DTS\Binn\;C:\Program Files (x86)\Microsoft SQL Server\150\DTS\Binn\;C:\Program Files\Git\cmd;C:\Users\Adrian\AppData\Local\Microsoft\WindowsApps;C:\Users\Adrian\AppData\Local\atom\bin;C:\Users\Adrian\Desktop;
USERNAME=Adrian
OS=Windows_NT
PROCESSOR_IDENTIFIER=Intel64 Family 6 Model 94 Stepping 3, GenuineIntel



---------------  S Y S T E M  ---------------

OS: Windows 10.0 , 64 bit Build 18362 (10.0.18362.329)

CPU:total 8 (initial active 8) (4 cores per cpu, 2 threads per core) family 6 model 94 stepping 3, cmov, cx8, fxsr, mmx, sse, sse2, sse3, ssse3, sse4.1, sse4.2, popcnt, avx, avx2, aes, clmul, erms, rtm, 3dnowpref, lzcnt, ht, tsc, tscinvbit, bmi1, bmi2, adx

Memory: 4k page, physical 12519812k(1947440k free), swap 50268548k(3060k free)

vm_info: Java HotSpot(TM) 64-Bit Server VM (25.241-b07) for windows-amd64 JRE (1.8.0_241-b07), built on Dec 11 2019 10:21:40 by "rejava" with MS VC++ 10.0 (VS2010)

time: Thu Mar 05 21:45:18 2020
timezone: Eastern Standard Time
elapsed time: 3 seconds (0d 0h 0m 3s)

